aria2
curl
gcc-fortran
gcc-g++
git
lftp
libintl-devel
libpgtypes3
libpq-devel
libreadline-devel
make
mercurial
p7zip
postgresql
postgresql-contrib
postgresql-devel
postgresql-doc
python-beautifulsoup
python3
python36
python36-bs4
python36-devel
python36-ipython
python37
rsync
sqlite3
sshpass
the_silver_searcher
tmux
tree
unzip
vim
wget
zlib-devel
zsh
[None, None, None, None, None, None, None, None, None, None, None, None, None, None, None, None, None, None, None, None, None, None, None, None, None, None, None, None, None, None, None, None, None, None, None]
